<?xml version="1.0" encoding="UTF-8"?>
<!-- Generated by org.testng.reporters.JUnitReportReporter -->
<testsuite hostname="DESKTOP-FK3HPDT" failures="0" tests="1" name="NewPrgm.Wapplyzer" time="9.026" errors="0" timestamp="2023-07-31T11:21:08 IST" skipped="0">
  <testcase classname="NewPrgm.Wapplyzer" name="testing" time="9.026"/>
  <system-out/>
</testsuite> <!-- NewPrgm.Wapplyzer -->
